<?xml version="1.0" encoding="UTF-8"?>
<!-- Generated by org.testng.reporters.JUnitReportReporter -->
<testsuite skipped="0" hostname="LAPTOP-2LB9IMSM" name="test.java.qaclickacademy.RestassuredAPITest" tests="2" failures="0" timestamp="04 Oct 2021 20:17:57 GMT" time="0.001" errors="0">
  <testcase name="postjira" time="0.000" classname="test.java.qaclickacademy.RestassuredAPITest"/>
  <testcase name="deleteTwitter" time="0.001" classname="test.java.qaclickacademy.RestassuredAPITest"/>
</testsuite> <!-- test.java.qaclickacademy.RestassuredAPITest -->
