<?xml version="1.0" encoding="UTF-8"?>
<!-- Generated by org.testng.reporters.JUnitReportReporter -->
<testsuite skipped="0" hostname="LAPTOP-2LB9IMSM" name="test.java.qaclickacademy.AppiumTest" tests="2" failures="0" timestamp="04 Oct 2021 20:17:57 GMT" time="0.005" errors="0">
  <testcase name="IosApps" time="0.005" classname="test.java.qaclickacademy.AppiumTest"/>
  <testcase name="NativeappAndroid" time="0.000" classname="test.java.qaclickacademy.AppiumTest"/>
</testsuite> <!-- test.java.qaclickacademy.AppiumTest -->
